# 哈希连接优化

默认情况下，MySQL（8.0.18及更高版本）尽可能使用哈希连接。可以使用BNL和NO_BNL优化器提示之一，或者通过将block_nested_loop设置为on或block_nest ed_loop=off作为优化器切换服务器系统变量设置的一部分，来控制是否使用哈希连接。

> MySQL 8.0.18支持在优化器switch中设置hash_join标志，以及优化器提示hash_join和NO_hash_ZOIN。在MySQL 8.0.19及更高版本中，这些都不再有任何影响。

从MySQL 8.0.18开始，MySQL对任何查询都使用散列连接，其中每个连接都有一个等连接条件，并且没有可以应用于任何连接条件的索引，例如：

```sql
SELECT *
    FROM t1
    JOIN t2
        ON t1.c1=t2.c1;
```

当有一个或多个索引可用于单个表谓词时，也可以使用哈希连接。

哈希连接通常比MySQL的早期版本中使用的块嵌套循环算法（请参阅块嵌套循环连接算法）更快，并且在这种情况下使用哈希连接。从MySQL 8.0.20开始，不再支持块嵌套循环，服务器在以前使用块嵌套循环的地方使用散列连接。

在刚才显示的示例和本节中的其余示例中，我们假设三个表t1、t2和t3是使用以下语句创建的：

CREATE TABLE t1 (c1 INT, c2 INT);
CREATE TABLE t2 (c1 INT, c2 INT);
CREATE TABLE t3 (c1 INT, c2 INT);

您可以看到，使用EXPLAIN正在使用哈希连接，如下所示：

```sql
mysql> EXPLAIN
    -> SELECT * FROM t1
    ->     JOIN t2 ON t1.c1=t2.c1\G
*************************** 1. row ***************************
           id: 1
  select_type: SIMPLE
        table: t1
   partitions: NULL
         type: ALL
possible_keys: NULL
          key: NULL
      key_len: NULL
          ref: NULL
         rows: 1
     filtered: 100.00
        Extra: NULL
*************************** 2. row ***************************
           id: 1
  select_type: SIMPLE
        table: t2
   partitions: NULL
         type: ALL
possible_keys: NULL
          key: NULL
      key_len: NULL
          ref: NULL
         rows: 1
     filtered: 100.00
        Extra: Using where; Using join buffer (hash join)
```

（在MySQL 8.0.20之前，有必要包含FORMAT=TREE选项，以查看哈希连接是否用于给定的连接。）

EXPLAIN ANALYZE还显示有关使用的哈希连接的信息。

哈希连接还用于涉及多个连接的查询，只要每对表至少有一个连接条件是等连接，如以下查询所示：

```sql
SELECT * FROM t1
    JOIN t2 ON (t1.c1 = t2.c1 AND t1.c2 < t2.c2)
    JOIN t3 ON (t2.c1 = t3.c1);
```

在类似于刚才所示的使用内部联接的情况下，执行联接后，任何非等式联接的额外条件都将作为过滤器应用。（对于外部联接，如左联接、半联接和反联接，它们作为联接的一部分打印。）这可以在EXPLAIN的输出中看到：

```sql
mysql> EXPLAIN FORMAT=TREE
    -> SELECT *
    ->     FROM t1
    ->     JOIN t2
    ->         ON (t1.c1 = t2.c1 AND t1.c2 < t2.c2)
    ->     JOIN t3
    ->         ON (t2.c1 = t3.c1)\G
*************************** 1. row ***************************
EXPLAIN: -> Inner hash join (t3.c1 = t1.c1)  (cost=1.05 rows=1)
    -> Table scan on t3  (cost=0.35 rows=1)
    -> Hash
        -> Filter: (t1.c2 < t2.c2)  (cost=0.70 rows=1)
            -> Inner hash join (t2.c1 = t1.c1)  (cost=0.70 rows=1)
                -> Table scan on t2  (cost=0.35 rows=1)
                -> Hash
                    -> Table scan on t1  (cost=0.35 rows=1)
```

从刚刚显示的输出中也可以看到，多个散列连接可以（并且可以）用于具有多个等连接条件的连接。

在MySQL 8.0.20之前，如果任何一对联接表没有至少一个等联接条件，则不能使用散列联接，并且使用了较慢的块嵌套循环算法。在MySQL 8.0.20及更高版本中，哈希连接用于此类情况，如下所示：

```sql
mysql> EXPLAIN FORMAT=TREE
    -> SELECT * FROM t1
    ->     JOIN t2 ON (t1.c1 = t2.c1)
    ->     JOIN t3 ON (t2.c1 < t3.c1)\G
*************************** 1. row ***************************
EXPLAIN: -> Filter: (t1.c1 < t3.c1)  (cost=1.05 rows=1)
    -> Inner hash join (no condition)  (cost=1.05 rows=1)
        -> Table scan on t3  (cost=0.35 rows=1)
        -> Hash
            -> Inner hash join (t2.c1 = t1.c1)  (cost=0.70 rows=1)
                -> Table scan on t2  (cost=0.35 rows=1)
                -> Hash
                    -> Table scan on t1  (cost=0.35 rows=1)
```

哈希连接也适用于笛卡尔乘积，即当未指定连接条件时，如下所示：

```sql
mysql> EXPLAIN FORMAT=TREE
    -> SELECT *
    ->     FROM t1
    ->     JOIN t2
    ->     WHERE t1.c2 > 50\G
*************************** 1. row ***************************
EXPLAIN: -> Inner hash join  (cost=0.70 rows=1)
    -> Table scan on t2  (cost=0.35 rows=1)
    -> Hash
        -> Filter: (t1.c2 > 50)  (cost=0.35 rows=1)
            -> Table scan on t1  (cost=0.35 rows=1)
```

在MySQL 8.0.20及更高版本中，为了使用散列连接，连接不再需要包含至少一个equi-join条件。这意味着可以使用哈希连接优化的查询类型包括以下列表中的查询（带示例）：

- 内部非等式联接 Inner non-equi-join：

```sql
mysql> EXPLAIN FORMAT=TREE SELECT * FROM t1 JOIN t2 ON t1.c1 < t2.c1\G
*************************** 1. row ***************************
EXPLAIN: -> Filter: (t1.c1 < t2.c1)  (cost=4.70 rows=12)
    -> Inner hash join (no condition)  (cost=4.70 rows=12)
        -> Table scan on t2  (cost=0.08 rows=6)
        -> Hash
            -> Table scan on t1  (cost=0.85 rows=6)
```

- Semijoin 半联接：

```sql
mysql> EXPLAIN FORMAT=TREE SELECT * FROM t1 
    ->     WHERE t1.c1 IN (SELECT t2.c2 FROM t2)\G
*************************** 1. row ***************************
EXPLAIN: -> Nested loop inner join
    -> Filter: (t1.c1 is not null)  (cost=0.85 rows=6)
        -> Table scan on t1  (cost=0.85 rows=6)
    -> Single-row index lookup on <subquery2> using <auto_distinct_key> (c2=t1.c1)
        -> Materialize with deduplication
            -> Filter: (t2.c2 is not null)  (cost=0.85 rows=6)
                -> Table scan on t2  (cost=0.85 rows=6)
```

- Antijoin 反联接：

```sql
mysql> EXPLAIN FORMAT=TREE SELECT * FROM t2 
    ->     WHERE NOT EXISTS (SELECT * FROM t1 WHERE t1.col1 = t2.col1)\G
*************************** 1. row ***************************
EXPLAIN: -> Nested loop antijoin
    -> Table scan on t2  (cost=0.85 rows=6)
    -> Single-row index lookup on <subquery2> using <auto_distinct_key> (c1=t2.c1)
        -> Materialize with deduplication
            -> Filter: (t1.c1 is not null)  (cost=0.85 rows=6)
                -> Table scan on t1  (cost=0.85 rows=6)
```

- 左外部联接：

```sql
mysql> EXPLAIN FORMAT=TREE SELECT * FROM t1 LEFT JOIN t2 ON t1.c1 = t2.c1\G
*************************** 1. row ***************************
EXPLAIN: -> Left hash join (t2.c1 = t1.c1)  (cost=3.99 rows=36)
    -> Table scan on t1  (cost=0.85 rows=6)
    -> Hash
        -> Table scan on t2  (cost=0.14 rows=6)
```

- 右外部联接（注意MySQL将所有右外部联接重写为左外部联接）:

```sql
mysql> EXPLAIN FORMAT=TREE SELECT * FROM t1 RIGHT JOIN t2 ON t1.c1 = t2.c1\G
*************************** 1. row ***************************
EXPLAIN: -> Left hash join (t1.c1 = t2.c1)  (cost=3.99 rows=36)
    -> Table scan on t2  (cost=0.85 rows=6)
    -> Hash
        -> Table scan on t1  (cost=0.14 rows=6)
```

默认情况下，MySQL 8.0.18及更高版本尽可能使用哈希连接。可以使用BNL和NO_BNL优化器提示之一控制是否使用哈希连接。

可以使用 [join_buffer_size](https://dev.mysql.com/doc/refman/8.0/en/server-system-variables.html#sysvar_join_buffer_size) 系统变量控制哈希连接的内存使用情况；哈希连接使用的内存不能超过此数量。当散列连接所需的内存超过可用内存时，MySQL通过使用磁盘上的文件来处理此问题。如果发生这种情况，您应该知道，如果散列联接无法放入内存，并且它创建的文件超过了为open_files_limit设置的文件数，则联接可能不会成功。为避免此类问题，请进行以下更改之一：

- 增加join_buffer_size，以便哈希连接不会溢出到磁盘。
- 增加open_files_limit。

从MySQL 8.0.18开始，哈希连接的连接缓冲区是增量分配的；因此，可以将 join_buffer_size 设置得更高，而无需小查询分配大量RAM，但外部联接分配整个缓冲区。在MySQL 8.0.20及更高版本中，哈希连接也用于外部连接（包括反连接和半连接），因此这不再是问题。
